<?xml version="1.0" encoding="UTF-8"?>
<testsuite xmlns:xsi="http://www.w3.org/2001/XMLSchema-instance" xsi:noNamespaceSchemaLocation="https://maven.apache.org/surefire/maven-surefire-plugin/xsd/surefire-test-report-3.0.xsd" version="3.0" name="TestSuite" time="35.262" tests="1" errors="0" skipped="0" failures="0">
  <properties>
    <property name="sun.desktop" value="windows"/>
    <property name="awt.toolkit" value="sun.awt.windows.WToolkit"/>
    <property name="file.encoding.pkg" value="sun.io"/>
    <property name="java.specification.version" value="1.8"/>
    <property name="webdriver.chrome.driver" value="C:\Users\sharanyaaa.s.360LOGICA\.cache\selenium\chromedriver\win32\92.0.4515.107\chromedriver.exe"/>
    <property name="sun.cpu.isalist" value="amd64"/>
    <property name="sun.jnu.encoding" value="Cp1252"/>
    <property name="java.class.path" value="D:\eclipseworkspace\virtueMartDemo\target\test-classes;D:\eclipseworkspace\virtueMartDemo\target\classes;C:\Users\sharanyaaa.s.360LOGICA\.m2\repository\org\seleniumhq\selenium\selenium-java\3.141.59\selenium-java-3.141.59.jar;C:\Users\sharanyaaa.s.360LOGICA\.m2\repository\org\seleniumhq\selenium\selenium-api\3.141.59\selenium-api-3.141.59.jar;C:\Users\sharanyaaa.s.360LOGICA\.m2\repository\org\seleniumhq\selenium\selenium-edge-driver\3.141.59\selenium-edge-driver-3.141.59.jar;C:\Users\sharanyaaa.s.360LOGICA\.m2\repository\org\seleniumhq\selenium\selenium-firefox-driver\3.141.59\selenium-firefox-driver-3.141.59.jar;C:\Users\sharanyaaa.s.360LOGICA\.m2\repository\org\seleniumhq\selenium\selenium-ie-driver\3.141.59\selenium-ie-driver-3.141.59.jar;C:\Users\sharanyaaa.s.360LOGICA\.m2\repository\org\seleniumhq\selenium\selenium-opera-driver\3.141.59\selenium-opera-driver-3.141.59.jar;C:\Users\sharanyaaa.s.360LOGICA\.m2\repository\org\seleniumhq\selenium\selenium-remote-driver\3.141.59\selenium-remote-driver-3.141.59.jar;C:\Users\sharanyaaa.s.360LOGICA\.m2\repository\org\seleniumhq\selenium\selenium-safari-driver\3.141.59\selenium-safari-driver-3.141.59.jar;C:\Users\sharanyaaa.s.360LOGICA\.m2\repository\org\seleniumhq\selenium\selenium-support\3.141.59\selenium-support-3.141.59.jar;C:\Users\sharanyaaa.s.360LOGICA\.m2\repository\net\bytebuddy\byte-buddy\1.8.15\byte-buddy-1.8.15.jar;C:\Users\sharanyaaa.s.360LOGICA\.m2\repository\org\apache\commons\commons-exec\1.3\commons-exec-1.3.jar;C:\Users\sharanyaaa.s.360LOGICA\.m2\repository\com\google\guava\guava\25.0-jre\guava-25.0-jre.jar;C:\Users\sharanyaaa.s.360LOGICA\.m2\repository\com\google\code\findbugs\jsr305\1.3.9\jsr305-1.3.9.jar;C:\Users\sharanyaaa.s.360LOGICA\.m2\repository\org\checkerframework\checker-compat-qual\2.0.0\checker-compat-qual-2.0.0.jar;C:\Users\sharanyaaa.s.360LOGICA\.m2\repository\com\google\errorprone\error_prone_annotations\2.1.3\error_prone_annotations-2.1.3.jar;C:\Users\sharanyaaa.s.360LOGICA\.m2\repository\com\google\j2objc\j2objc-annotations\1.1\j2objc-annotations-1.1.jar;C:\Users\sharanyaaa.s.360LOGICA\.m2\repository\org\codehaus\mojo\animal-sniffer-annotations\1.14\animal-sniffer-annotations-1.14.jar;C:\Users\sharanyaaa.s.360LOGICA\.m2\repository\com\squareup\okhttp3\okhttp\3.11.0\okhttp-3.11.0.jar;C:\Users\sharanyaaa.s.360LOGICA\.m2\repository\com\squareup\okio\okio\1.14.0\okio-1.14.0.jar;C:\Users\sharanyaaa.s.360LOGICA\.m2\repository\io\github\bonigarcia\webdrivermanager\4.4.3\webdrivermanager-4.4.3.jar;C:\Users\sharanyaaa.s.360LOGICA\.m2\repository\org\slf4j\slf4j-api\1.7.30\slf4j-api-1.7.30.jar;C:\Users\sharanyaaa.s.360LOGICA\.m2\repository\commons-io\commons-io\2.8.0\commons-io-2.8.0.jar;C:\Users\sharanyaaa.s.360LOGICA\.m2\repository\com\google\code\gson\gson\2.8.6\gson-2.8.6.jar;C:\Users\sharanyaaa.s.360LOGICA\.m2\repository\org\apache\commons\commons-lang3\3.12.0\commons-lang3-3.12.0.jar;C:\Users\sharanyaaa.s.360LOGICA\.m2\repository\org\apache\httpcomponents\client5\httpclient5\5.0.3\httpclient5-5.0.3.jar;C:\Users\sharanyaaa.s.360LOGICA\.m2\repository\org\apache\httpcomponents\core5\httpcore5\5.0.2\httpcore5-5.0.2.jar;C:\Users\sharanyaaa.s.360LOGICA\.m2\repository\org\apache\httpcomponents\core5\httpcore5-h2\5.0.2\httpcore5-h2-5.0.2.jar;C:\Users\sharanyaaa.s.360LOGICA\.m2\repository\commons-codec\commons-codec\1.13\commons-codec-1.13.jar;C:\Users\sharanyaaa.s.360LOGICA\.m2\repository\org\rauschig\jarchivelib\1.1.0\jarchivelib-1.1.0.jar;C:\Users\sharanyaaa.s.360LOGICA\.m2\repository\org\apache\commons\commons-compress\1.20\commons-compress-1.20.jar;C:\Users\sharanyaaa.s.360LOGICA\.m2\repository\org\jsoup\jsoup\1.13.1\jsoup-1.13.1.jar;C:\Users\sharanyaaa.s.360LOGICA\.m2\repository\junit\junit\3.8.1\junit-3.8.1.jar;C:\Users\sharanyaaa.s.360LOGICA\.m2\repository\com\googlecode\json-simple\json-simple\1.1.1\json-simple-1.1.1.jar;C:\Users\sharanyaaa.s.360LOGICA\.m2\repository\org\seleniumhq\selenium\selenium-chrome-driver\3.141.59\selenium-chrome-driver-3.141.59.jar;C:\Users\sharanyaaa.s.360LOGICA\.m2\repository\org\testng\testng\7.0.0\testng-7.0.0.jar;C:\Users\sharanyaaa.s.360LOGICA\.m2\repository\com\beust\jcommander\1.72\jcommander-1.72.jar;"/>
    <property name="java.vm.vendor" value="Oracle Corporation"/>
    <property name="sun.arch.data.model" value="64"/>
    <property name="user.variant" value=""/>
    <property name="java.vendor.url" value="http://java.oracle.com/"/>
    <property name="user.timezone" value="Asia/Calcutta"/>
    <property name="java.vm.specification.version" value="1.8"/>
    <property name="os.name" value="Windows 10"/>
    <property name="user.country" value="IN"/>
    <property name="sun.java.launcher" value="SUN_STANDARD"/>
    <property name="sun.boot.library.path" value="C:\Program Files\Java\jdk1.8.0_181\jre\bin"/>
    <property name="sun.java.command" value="C:\Users\sharanyaaa.s.360LOGICA\AppData\Local\Temp\surefire8603209023761319435\surefirebooter3772189917179300448.jar C:\Users\sharanyaaa.s.360LOGICA\AppData\Local\Temp\surefire8603209023761319435 2021-09-03T12-38-22_061-jvmRun1 surefire3824888207224521860tmp surefire_05876868414830808408tmp"/>
    <property name="surefire.test.class.path" value="D:\eclipseworkspace\virtueMartDemo\target\test-classes;D:\eclipseworkspace\virtueMartDemo\target\classes;C:\Users\sharanyaaa.s.360LOGICA\.m2\repository\org\seleniumhq\selenium\selenium-java\3.141.59\selenium-java-3.141.59.jar;C:\Users\sharanyaaa.s.360LOGICA\.m2\repository\org\seleniumhq\selenium\selenium-api\3.141.59\selenium-api-3.141.59.jar;C:\Users\sharanyaaa.s.360LOGICA\.m2\repository\org\seleniumhq\selenium\selenium-edge-driver\3.141.59\selenium-edge-driver-3.141.59.jar;C:\Users\sharanyaaa.s.360LOGICA\.m2\repository\org\seleniumhq\selenium\selenium-firefox-driver\3.141.59\selenium-firefox-driver-3.141.59.jar;C:\Users\sharanyaaa.s.360LOGICA\.m2\repository\org\seleniumhq\selenium\selenium-ie-driver\3.141.59\selenium-ie-driver-3.141.59.jar;C:\Users\sharanyaaa.s.360LOGICA\.m2\repository\org\seleniumhq\selenium\selenium-opera-driver\3.141.59\selenium-opera-driver-3.141.59.jar;C:\Users\sharanyaaa.s.360LOGICA\.m2\repository\org\seleniumhq\selenium\selenium-remote-driver\3.141.59\selenium-remote-driver-3.141.59.jar;C:\Users\sharanyaaa.s.360LOGICA\.m2\repository\org\seleniumhq\selenium\selenium-safari-driver\3.141.59\selenium-safari-driver-3.141.59.jar;C:\Users\sharanyaaa.s.360LOGICA\.m2\repository\org\seleniumhq\selenium\selenium-support\3.141.59\selenium-support-3.141.59.jar;C:\Users\sharanyaaa.s.360LOGICA\.m2\repository\net\bytebuddy\byte-buddy\1.8.15\byte-buddy-1.8.15.jar;C:\Users\sharanyaaa.s.360LOGICA\.m2\repository\org\apache\commons\commons-exec\1.3\commons-exec-1.3.jar;C:\Users\sharanyaaa.s.360LOGICA\.m2\repository\com\google\guava\guava\25.0-jre\guava-25.0-jre.jar;C:\Users\sharanyaaa.s.360LOGICA\.m2\repository\com\google\code\findbugs\jsr305\1.3.9\jsr305-1.3.9.jar;C:\Users\sharanyaaa.s.360LOGICA\.m2\repository\org\checkerframework\checker-compat-qual\2.0.0\checker-compat-qual-2.0.0.jar;C:\Users\sharanyaaa.s.360LOGICA\.m2\repository\com\google\errorprone\error_prone_annotations\2.1.3\error_prone_annotations-2.1.3.jar;C:\Users\sharanyaaa.s.360LOGICA\.m2\repository\com\google\j2objc\j2objc-annotations\1.1\j2objc-annotations-1.1.jar;C:\Users\sharanyaaa.s.360LOGICA\.m2\repository\org\codehaus\mojo\animal-sniffer-annotations\1.14\animal-sniffer-annotations-1.14.jar;C:\Users\sharanyaaa.s.360LOGICA\.m2\repository\com\squareup\okhttp3\okhttp\3.11.0\okhttp-3.11.0.jar;C:\Users\sharanyaaa.s.360LOGICA\.m2\repository\com\squareup\okio\okio\1.14.0\okio-1.14.0.jar;C:\Users\sharanyaaa.s.360LOGICA\.m2\repository\io\github\bonigarcia\webdrivermanager\4.4.3\webdrivermanager-4.4.3.jar;C:\Users\sharanyaaa.s.360LOGICA\.m2\repository\org\slf4j\slf4j-api\1.7.30\slf4j-api-1.7.30.jar;C:\Users\sharanyaaa.s.360LOGICA\.m2\repository\commons-io\commons-io\2.8.0\commons-io-2.8.0.jar;C:\Users\sharanyaaa.s.360LOGICA\.m2\repository\com\google\code\gson\gson\2.8.6\gson-2.8.6.jar;C:\Users\sharanyaaa.s.360LOGICA\.m2\repository\org\apache\commons\commons-lang3\3.12.0\commons-lang3-3.12.0.jar;C:\Users\sharanyaaa.s.360LOGICA\.m2\repository\org\apache\httpcomponents\client5\httpclient5\5.0.3\httpclient5-5.0.3.jar;C:\Users\sharanyaaa.s.360LOGICA\.m2\repository\org\apache\httpcomponents\core5\httpcore5\5.0.2\httpcore5-5.0.2.jar;C:\Users\sharanyaaa.s.360LOGICA\.m2\repository\org\apache\httpcomponents\core5\httpcore5-h2\5.0.2\httpcore5-h2-5.0.2.jar;C:\Users\sharanyaaa.s.360LOGICA\.m2\repository\commons-codec\commons-codec\1.13\commons-codec-1.13.jar;C:\Users\sharanyaaa.s.360LOGICA\.m2\repository\org\rauschig\jarchivelib\1.1.0\jarchivelib-1.1.0.jar;C:\Users\sharanyaaa.s.360LOGICA\.m2\repository\org\apache\commons\commons-compress\1.20\commons-compress-1.20.jar;C:\Users\sharanyaaa.s.360LOGICA\.m2\repository\org\jsoup\jsoup\1.13.1\jsoup-1.13.1.jar;C:\Users\sharanyaaa.s.360LOGICA\.m2\repository\junit\junit\3.8.1\junit-3.8.1.jar;C:\Users\sharanyaaa.s.360LOGICA\.m2\repository\com\googlecode\json-simple\json-simple\1.1.1\json-simple-1.1.1.jar;C:\Users\sharanyaaa.s.360LOGICA\.m2\repository\org\seleniumhq\selenium\selenium-chrome-driver\3.141.59\selenium-chrome-driver-3.141.59.jar;C:\Users\sharanyaaa.s.360LOGICA\.m2\repository\org\testng\testng\7.0.0\testng-7.0.0.jar;C:\Users\sharanyaaa.s.360LOGICA\.m2\repository\com\beust\jcommander\1.72\jcommander-1.72.jar;"/>
    <property name="sun.cpu.endian" value="little"/>
    <property name="user.home" value="C:\Users\sharanyaaa.s.360LOGICA"/>
    <property name="user.language" value="en"/>
    <property name="java.specification.vendor" value="Oracle Corporation"/>
    <property name="java.home" value="C:\Program Files\Java\jdk1.8.0_181\jre"/>
    <property name="basedir" value="D:\eclipseworkspace\virtueMartDemo"/>
    <property name="file.separator" value="\"/>
    <property name="line.separator" value="&#10;"/>
    <property name="java.vm.specification.vendor" value="Oracle Corporation"/>
    <property name="java.specification.name" value="Java Platform API Specification"/>
    <property name="java.awt.graphicsenv" value="sun.awt.Win32GraphicsEnvironment"/>
    <property name="surefire.real.class.path" value="C:\Users\sharanyaaa.s.360LOGICA\AppData\Local\Temp\surefire8603209023761319435\surefirebooter3772189917179300448.jar"/>
    <property name="sun.boot.class.path" value="C:\Program Files\Java\jdk1.8.0_181\jre\lib\resources.jar;C:\Program Files\Java\jdk1.8.0_181\jre\lib\rt.jar;C:\Program Files\Java\jdk1.8.0_181\jre\lib\sunrsasign.jar;C:\Program Files\Java\jdk1.8.0_181\jre\lib\jsse.jar;C:\Program Files\Java\jdk1.8.0_181\jre\lib\jce.jar;C:\Program Files\Java\jdk1.8.0_181\jre\lib\charsets.jar;C:\Program Files\Java\jdk1.8.0_181\jre\lib\jfr.jar;C:\Program Files\Java\jdk1.8.0_181\jre\classes"/>
    <property name="user.script" value=""/>
    <property name="sun.management.compiler" value="HotSpot 64-Bit Tiered Compilers"/>
    <property name="java.runtime.version" value="1.8.0_181-b13"/>
    <property name="user.name" value="sharanyaaa.s"/>
    <property name="path.separator" value=";"/>
    <property name="os.version" value="10.0"/>
    <property name="java.endorsed.dirs" value="C:\Program Files\Java\jdk1.8.0_181\jre\lib\endorsed"/>
    <property name="java.runtime.name" value="Java(TM) SE Runtime Environment"/>
    <property name="file.encoding" value="Cp1252"/>
    <property name="java.vm.name" value="Java HotSpot(TM) 64-Bit Server VM"/>
    <property name="localRepository" value="C:\Users\sharanyaaa.s.360LOGICA\.m2\repository"/>
    <property name="java.vendor.url.bug" value="http://bugreport.sun.com/bugreport/"/>
    <property name="java.io.tmpdir" value="C:\Users\SHARAN~1.360\AppData\Local\Temp\"/>
    <property name="java.version" value="1.8.0_181"/>
    <property name="user.dir" value="D:\eclipseworkspace\virtueMartDemo"/>
    <property name="os.arch" value="amd64"/>
    <property name="java.vm.specification.name" value="Java Virtual Machine Specification"/>
    <property name="java.awt.printerjob" value="sun.awt.windows.WPrinterJob"/>
    <property name="sun.os.patch.level" value=""/>
    <property name="java.library.path" value="C:\Program Files\Java\jdk1.8.0_181\jre\bin;C:\Windows\Sun\Java\bin;C:\Windows\system32;C:\Windows;C:\Program Files (x86)\Common Files\Oracle\Java\javapath;C:\Windows\system32;C:\Windows;C:\Windows\System32\Wbem;C:\Windows\System32\WindowsPowerShell\v1.0\;C:\Windows\System32\OpenSSH\;C:\Program Files\Java\jdk1.8.0_181\bin;C:\Program Files\Java\jre1.8.0_181\bin;D:\apache-maven-3.8.1-bin\apache-maven-3.8.1\bin;C:\Program Files\Java\jdk1.8.0_181\bin;D:\apache-maven-3.8.1-bin\apache-maven-3.8.1\bin;C:\Users\sharanyaaa.s.360LOGICA\AppData\Local\Microsoft\WindowsApps;C:\Users\sharanyaaa.s.360LOGICA\AppData\Local\Programs\Microsoft VS Code\bin;C:\Users\sharanyaaa.s.360LOGICA\AppData\Local\GitHubDesktop\bin;C:\Users\sharanyaaa.s.360LOGICA\AppData\Local\Programs\Git\cmd;."/>
    <property name="java.vm.info" value="mixed mode"/>
    <property name="java.vendor" value="Oracle Corporation"/>
    <property name="java.vm.version" value="25.181-b13"/>
    <property name="java.ext.dirs" value="C:\Program Files\Java\jdk1.8.0_181\jre\lib\ext;C:\Windows\Sun\Java\lib\ext"/>
    <property name="sun.io.unicode.encoding" value="UnicodeLittle"/>
    <property name="java.class.version" value="52.0"/>
  </properties>
  <testcase name="goToVirtueMart" classname="com.vmd.testscripts.VirtueMartHomePageTest" time="28.297">
    <system-out><![CDATA[Browser name is : chrome
Step 1: Navigating to the URL
---------------------------------------------------------
Step 2: Entering the credentials for login
---------------------------------------------------------
Step 3: Clicking on the login button
Successfully logged into the account
---------------------------------------------------------
Step 4: Verifying the login
Authentication successful
Text: Hi Demo is present
---------------------------------------------------------
Step 5: Searching for cowboy Hat
---------------------------------------------------------
Step 6: Adding the product to cart
---------------------------------------------------------
Step 7: Checking the product list
---------------------------------------------------------
Step 8: Verifying the product price
Calculated price is 12.0
---------------------------------------------------------
Step 9: Clicking on the Terms and Conditions checkBox
---------------------------------------------------------
Step 10: clicking on confirm purchase button
---------------------------------------------------------
Step 11: Verifying the purchase
Text: Thank you for your order! is present
---------------------------------------------------------
Step 12: Logging out from the account
---------------------------------------------------------
]]></system-out>
    <system-err><![CDATA[SLF4J: Failed to load class "org.slf4j.impl.StaticLoggerBinder".
SLF4J: Defaulting to no-operation (NOP) logger implementation
SLF4J: See http://www.slf4j.org/codes.html#StaticLoggerBinder for further details.
Starting ChromeDriver 92.0.4515.107 (87a818b10553a07434ea9e2b6dccf3cbe7895134-refs/branch-heads/4515@{#1634}) on port 27718
Only local connections are allowed.
Please see https://chromedriver.chromium.org/security-considerations for suggestions on keeping ChromeDriver safe.
ChromeDriver was started successfully.
Sep 03, 2021 12:38:30 PM org.openqa.selenium.remote.ProtocolHandshake createSession
INFO: Detected dialect: W3C
]]></system-err>
  </testcase>
</testsuite>