<?xml version="1.0" encoding="UTF-8"?>
<!-- Generated by org.testng.reporters.JUnitReportReporter -->
<testsuite hostname="SAK-LAPTOP359" failures="0" tests="1" name="com.vmd.core.BasePage" time="15.034" errors="0" timestamp="2021-08-14T12:32:27 IST" skipped="0">
  <testcase classname="com.vmd.core.BasePage" name="googlesearch" time="15.034"/>
  <system-out/>
</testsuite> <!-- com.vmd.core.BasePage -->
