<?xml version="1.0" encoding="UTF-8"?>
<!-- Generated by org.testng.reporters.JUnitReportReporter -->
<testsuite skipped="0" hostname="SAK-LAPTOP359" name="com.vmd.testscripts.VirtueMartHomePageTest" tests="1" failures="0" timestamp="2021-09-03T12:38:58 IST" time="28.304" errors="0">
  <testcase name="goToVirtueMart" time="28.304" classname="com.vmd.testscripts.VirtueMartHomePageTest"/>
</testsuite> <!-- com.vmd.testscripts.VirtueMartHomePageTest -->
